2014.12.28 13:13:59	1	Начало экспорта БД `slonne`
2014.12.28 13:13:59	1	Экспорт таблицы `cars`
2014.12.28 13:13:59	1	Экспорт таблицы `gallery`
2014.12.28 13:13:59	1	Экспорт таблицы `gallery__blocks`
2014.12.28 13:13:59	1	Экспорт таблицы `gallery__blocks_en`
2014.12.28 13:13:59	1	Экспорт таблицы `gallery__elements`
2014.12.28 13:13:59	1	Экспорт таблицы `gallery__elements_en`
2014.12.28 13:13:59	1	Экспорт таблицы `gallery_blocks`
2014.12.28 13:13:59	1	Экспорт таблицы `media`
2014.12.28 13:13:59	1	Экспорт таблицы `news__elements`
2014.12.28 13:13:59	1	Экспорт таблицы `news__elements_en`
2014.12.28 13:13:59	1	Экспорт таблицы `pages__elements`
2014.12.28 13:13:59	1	Экспорт таблицы `pages__elements_en`
2014.12.28 13:13:59	1	Экспорт таблицы `slonne__constants`
2014.12.28 13:13:59	1	Экспорт таблицы `slonne_admins`
2014.12.28 13:13:59	1	Экспорт таблицы `slonne_admins_groups`
2014.12.28 13:13:59	1	Экспорт таблицы `slonne_essences`
2014.12.28 13:13:59	1	Экспорт таблицы `slonne_fields`
2014.12.28 13:14:00	1	Экспорт таблицы `slonne_modules`
2014.12.28 13:14:00	1	Экспорт таблицы `users`
2014.12.28 13:14:00	1	Экспорт таблицы `wares__blocks`
2014.12.28 13:14:00	1	Экспорт таблицы `wares__blocks_en`
2014.12.28 13:14:00	1	Экспорт таблицы `wares__elements`
2014.12.28 13:14:00	1	Экспорт таблицы `wares__elements_en`
2014.12.28 13:14:00	1	Резервная копия БД `slonne` создана.
