2015.11.06 11:40:17	1	Начало экспорта БД `ostatki`
2015.11.06 11:40:17	1	Экспорт таблицы `adv__article_numbers`
2015.11.06 11:40:17	1	Экспорт таблицы `adv__brands`
2015.11.06 11:40:17	1	Экспорт таблицы `adv__categories`
2015.11.06 11:40:17	1	Экспорт таблицы `adv__classes`
2015.11.06 11:40:17	1	Экспорт таблицы `adv__cmb_brand_artnum`
2015.11.06 11:40:17	1	Экспорт таблицы `adv__cmb_cat_brand`
2015.11.06 11:40:17	1	Экспорт таблицы `adv__cmb_cat_brand_artnum`
2015.11.06 11:40:17	1	Экспорт таблицы `adv__items`
2015.11.06 11:40:17	1	Экспорт таблицы `adv__media`
2015.11.06 11:40:17	1	Экспорт таблицы `adv__prop_values`
2015.11.06 11:40:17	1	Экспорт таблицы `adv__props`
2015.11.06 11:40:17	1	Экспорт таблицы `adv__props_classes`
2015.11.06 11:40:17	1	Экспорт таблицы `adv__region_cities`
2015.11.06 11:40:17	1	Экспорт таблицы `adv__region_countries`
2015.11.06 11:40:17	1	Экспорт таблицы `adv__select_options`
2015.11.06 11:40:18	1	Экспорт таблицы `cat__brands`
2015.11.06 11:40:18	1	Экспорт таблицы `cat__categories`
2015.11.06 11:40:18	1	Экспорт таблицы `cat__classes`
2015.11.06 11:40:18	1	Экспорт таблицы `cat__item_artnum`
2015.11.06 11:40:18	1	Экспорт таблицы `cat__items`
2015.11.06 11:40:18	1	Экспорт таблицы `cat__items_media`
2015.11.06 11:40:18	1	Экспорт таблицы `cat__media`
2015.11.06 11:40:18	1	Экспорт таблицы `cat__prop_values`
2015.11.06 11:40:18	1	Экспорт таблицы `cat__props`
2015.11.06 11:40:18	1	Экспорт таблицы `cat__props_classes`
2015.11.06 11:40:18	1	Экспорт таблицы `cat__select_options`
2015.11.06 11:40:18	1	Экспорт таблицы `cat__types`
2015.11.06 11:40:18	1	Экспорт таблицы `cat__units`
2015.11.06 11:40:18	1	Экспорт таблицы `entity__gallery`
2015.11.06 11:40:18	1	Экспорт таблицы `entity__gallery_en`
2015.11.06 11:40:18	1	Экспорт таблицы `entity__news`
2015.11.06 11:40:18	1	Экспорт таблицы `entity__news_en`
2015.11.06 11:40:18	1	Экспорт таблицы `entity__pages`
2015.11.06 11:40:18	1	Экспорт таблицы `entity__pages_en`
2015.11.06 11:40:18	1	Экспорт таблицы `entity__test_essence`
2015.11.06 11:40:18	1	Экспорт таблицы `entity__test_essence_en`
2015.11.06 11:40:18	1	Экспорт таблицы `entity__wares`
2015.11.06 11:40:18	1	Экспорт таблицы `entity__wares_blocks`
2015.11.06 11:40:18	1	Экспорт таблицы `entity__wares_blocks_en`
2015.11.06 11:40:18	1	Экспорт таблицы `entity__wares_en`
2015.11.06 11:40:18	1	Экспорт таблицы `media`
2015.11.06 11:40:18	1	Экспорт таблицы `slonne__admin_groups`
2015.11.06 11:40:18	1	Экспорт таблицы `slonne__admingroups`
2015.11.06 11:40:18	1	Экспорт таблицы `slonne__admins`
2015.11.06 11:40:18	1	Экспорт таблицы `slonne__constants`
2015.11.06 11:40:18	1	Экспорт таблицы `slonne__essences`
2015.11.06 11:40:18	1	Экспорт таблицы `slonne__fields`
2015.11.06 11:40:18	1	Экспорт таблицы `slonne__modules`
2015.11.06 11:40:18	1	Экспорт таблицы `slonne__settings`
2015.11.06 11:40:18	1	Экспорт таблицы `users`
2015.11.06 11:40:18	1	Резервная копия БД `ostatki` создана.
